Build output check failed:
    Regex: 'command[- ]line option .* is valid for .* but not for C'
    Output line: 'cc1: warning: command-line option ‘-Wnon-virtual-dtor’ is valid for C++/ObjC++ but not for C'
Compilation failed:
    source file: '/home/therapy/Astroscanner/workspace/opencv-4.10.0/release/CMakeFiles/CMakeTmp/src.c'
    check option: ' -fsigned-char -W -Wall -Wreturn-type  -Wnon-virtual-dtor'
===== BUILD LOG =====
Change Dir: /home/therapy/Astroscanner/workspace/opencv-4.10.0/release/CMakeFiles/CMakeTmp

Run Build Command(s):/usr/bin/gmake -f Makefile cmTC_63e2a/fast && /usr/bin/gmake  -f CMakeFiles/cmTC_63e2a.dir/build.make CMakeFiles/cmTC_63e2a.dir/build
gmake[1]: Entering directory '/home/therapy/Astroscanner/workspace/opencv-4.10.0/release/CMakeFiles/CMakeTmp'
Building C object CMakeFiles/cmTC_63e2a.dir/src.c.o
/usr/bin/cc   -O3 -DNDEBUG -fPIE    -fsigned-char -W -Wall -Wreturn-type  -Wnon-virtual-dtor -o CMakeFiles/cmTC_63e2a.dir/src.c.o -c /home/therapy/Astroscanner/workspace/opencv-4.10.0/release/CMakeFiles/CMakeTmp/src.c
cc1: warning: command-line option ‘-Wnon-virtual-dtor’ is valid for C++/ObjC++ but not for C
/home/therapy/Astroscanner/workspace/opencv-4.10.0/release/CMakeFiles/CMakeTmp/src.c:1: warning: ignoring ‘#pragma  ’ [-Wunknown-pragmas]
    1 | #pragma
      | 
Linking C executable cmTC_63e2a
/usr/bin/cmake -E cmake_link_script CMakeFiles/cmTC_63e2a.dir/link.txt --verbose=1
/usr/bin/cc -O3 -DNDEBUG CMakeFiles/cmTC_63e2a.dir/src.c.o -o cmTC_63e2a 
gmake[1]: Leaving directory '/home/therapy/Astroscanner/workspace/opencv-4.10.0/release/CMakeFiles/CMakeTmp'


===== END =====

Build output check failed:
    Regex: 'command[- ]line option .* is valid for .* but not for C\+\+'
    Output line: 'cc1plus: warning: command-line option ‘-Wmissing-prototypes’ is valid for C/ObjC but not for C++'
Compilation failed:
    source file: '/home/therapy/Astroscanner/workspace/opencv-4.10.0/release/CMakeFiles/CMakeTmp/src.cxx'
    check option: ' -fsigned-char -W -Wall -Wreturn-type -Wnon-virtual-dtor -Waddress -Wsequence-point -Wformat -Wformat-security -Wmissing-declarations  -Wmissing-prototypes'
===== BUILD LOG =====
Change Dir: /home/therapy/Astroscanner/workspace/opencv-4.10.0/release/CMakeFiles/CMakeTmp

Run Build Command(s):/usr/bin/gmake -f Makefile cmTC_0ffb2/fast && /usr/bin/gmake  -f CMakeFiles/cmTC_0ffb2.dir/build.make CMakeFiles/cmTC_0ffb2.dir/build
gmake[1]: Entering directory '/home/therapy/Astroscanner/workspace/opencv-4.10.0/release/CMakeFiles/CMakeTmp'
Building CXX object CMakeFiles/cmTC_0ffb2.dir/src.cxx.o
/usr/bin/c++   -O3 -DNDEBUG -fPIE    -fsigned-char -W -Wall -Wreturn-type -Wnon-virtual-dtor -Waddress -Wsequence-point -Wformat -Wformat-security -Wmissing-declarations  -Wmissing-prototypes -std=c++11 -o CMakeFiles/cmTC_0ffb2.dir/src.cxx.o -c /home/therapy/Astroscanner/workspace/opencv-4.10.0/release/CMakeFiles/CMakeTmp/src.cxx
cc1plus: warning: command-line option ‘-Wmissing-prototypes’ is valid for C/ObjC but not for C++
/home/therapy/Astroscanner/workspace/opencv-4.10.0/release/CMakeFiles/CMakeTmp/src.cxx:1: warning: ignoring ‘#pragma  ’ [-Wunknown-pragmas]
    1 | #pragma
      | 
Linking CXX executable cmTC_0ffb2
/usr/bin/cmake -E cmake_link_script CMakeFiles/cmTC_0ffb2.dir/link.txt --verbose=1
/usr/bin/c++ -O3 -DNDEBUG CMakeFiles/cmTC_0ffb2.dir/src.cxx.o -o cmTC_0ffb2 
gmake[1]: Leaving directory '/home/therapy/Astroscanner/workspace/opencv-4.10.0/release/CMakeFiles/CMakeTmp'


===== END =====

Build output check failed:
    Regex: 'command[- ]line option .* is valid for .* but not for C\+\+'
    Output line: 'cc1plus: warning: command-line option ‘-Wstrict-prototypes’ is valid for C/ObjC but not for C++'
Compilation failed:
    source file: '/home/therapy/Astroscanner/workspace/opencv-4.10.0/release/CMakeFiles/CMakeTmp/src.cxx'
    check option: ' -fsigned-char -W -Wall -Wreturn-type -Wnon-virtual-dtor -Waddress -Wsequence-point -Wformat -Wformat-security -Wmissing-declarations  -Wstrict-prototypes'
===== BUILD LOG =====
Change Dir: /home/therapy/Astroscanner/workspace/opencv-4.10.0/release/CMakeFiles/CMakeTmp

Run Build Command(s):/usr/bin/gmake -f Makefile cmTC_b58c5/fast && /usr/bin/gmake  -f CMakeFiles/cmTC_b58c5.dir/build.make CMakeFiles/cmTC_b58c5.dir/build
gmake[1]: Entering directory '/home/therapy/Astroscanner/workspace/opencv-4.10.0/release/CMakeFiles/CMakeTmp'
Building CXX object CMakeFiles/cmTC_b58c5.dir/src.cxx.o
/usr/bin/c++   -O3 -DNDEBUG -fPIE    -fsigned-char -W -Wall -Wreturn-type -Wnon-virtual-dtor -Waddress -Wsequence-point -Wformat -Wformat-security -Wmissing-declarations  -Wstrict-prototypes -std=c++11 -o CMakeFiles/cmTC_b58c5.dir/src.cxx.o -c /home/therapy/Astroscanner/workspace/opencv-4.10.0/release/CMakeFiles/CMakeTmp/src.cxx
cc1plus: warning: command-line option ‘-Wstrict-prototypes’ is valid for C/ObjC but not for C++
/home/therapy/Astroscanner/workspace/opencv-4.10.0/release/CMakeFiles/CMakeTmp/src.cxx:1: warning: ignoring ‘#pragma  ’ [-Wunknown-pragmas]
    1 | #pragma
      | 
Linking CXX executable cmTC_b58c5
/usr/bin/cmake -E cmake_link_script CMakeFiles/cmTC_b58c5.dir/link.txt --verbose=1
/usr/bin/c++ -O3 -DNDEBUG CMakeFiles/cmTC_b58c5.dir/src.cxx.o -o cmTC_b58c5 
gmake[1]: Leaving directory '/home/therapy/Astroscanner/workspace/opencv-4.10.0/release/CMakeFiles/CMakeTmp'


===== END =====

Build output check failed:
    Regex: 'command[- ]line option .* is valid for .* but not for C'
    Output line: 'cc1: warning: command-line option ‘-Wsign-promo’ is valid for C++/ObjC++ but not for C'
Compilation failed:
    source file: '/home/therapy/Astroscanner/workspace/opencv-4.10.0/release/CMakeFiles/CMakeTmp/src.c'
    check option: ' -fsigned-char -W -Wall -Wreturn-type -Waddress -Wsequence-point -Wformat -Wformat-security -Wmissing-declarations -Wmissing-prototypes -Wstrict-prototypes -Wundef -Winit-self -Wpointer-arith -Wshadow  -Wsign-promo'
===== BUILD LOG =====
Change Dir: /home/therapy/Astroscanner/workspace/opencv-4.10.0/release/CMakeFiles/CMakeTmp

Run Build Command(s):/usr/bin/gmake -f Makefile cmTC_fb765/fast && /usr/bin/gmake  -f CMakeFiles/cmTC_fb765.dir/build.make CMakeFiles/cmTC_fb765.dir/build
gmake[1]: Entering directory '/home/therapy/Astroscanner/workspace/opencv-4.10.0/release/CMakeFiles/CMakeTmp'
Building C object CMakeFiles/cmTC_fb765.dir/src.c.o
/usr/bin/cc   -O3 -DNDEBUG -fPIE    -fsigned-char -W -Wall -Wreturn-type -Waddress -Wsequence-point -Wformat -Wformat-security -Wmissing-declarations -Wmissing-prototypes -Wstrict-prototypes -Wundef -Winit-self -Wpointer-arith -Wshadow  -Wsign-promo -o CMakeFiles/cmTC_fb765.dir/src.c.o -c /home/therapy/Astroscanner/workspace/opencv-4.10.0/release/CMakeFiles/CMakeTmp/src.c
cc1: warning: command-line option ‘-Wsign-promo’ is valid for C++/ObjC++ but not for C
/home/therapy/Astroscanner/workspace/opencv-4.10.0/release/CMakeFiles/CMakeTmp/src.c:1: warning: ignoring ‘#pragma  ’ [-Wunknown-pragmas]
    1 | #pragma
      | 
Linking C executable cmTC_fb765
/usr/bin/cmake -E cmake_link_script CMakeFiles/cmTC_fb765.dir/link.txt --verbose=1
/usr/bin/cc -O3 -DNDEBUG CMakeFiles/cmTC_fb765.dir/src.c.o -o cmTC_fb765 
gmake[1]: Leaving directory '/home/therapy/Astroscanner/workspace/opencv-4.10.0/release/CMakeFiles/CMakeTmp'


===== END =====

Build output check failed:
    Regex: 'command[- ]line option .* is valid for .* but not for C'
    Output line: 'cc1: warning: command-line option ‘-Wsuggest-override’ is valid for C++/ObjC++ but not for C'
Compilation failed:
    source file: '/home/therapy/Astroscanner/workspace/opencv-4.10.0/release/CMakeFiles/CMakeTmp/src.c'
    check option: ' -fsigned-char -W -Wall -Wreturn-type -Waddress -Wsequence-point -Wformat -Wformat-security -Wmissing-declarations -Wmissing-prototypes -Wstrict-prototypes -Wundef -Winit-self -Wpointer-arith -Wshadow -Wuninitialized  -Wsuggest-override'
===== BUILD LOG =====
Change Dir: /home/therapy/Astroscanner/workspace/opencv-4.10.0/release/CMakeFiles/CMakeTmp

Run Build Command(s):/usr/bin/gmake -f Makefile cmTC_4f77a/fast && /usr/bin/gmake  -f CMakeFiles/cmTC_4f77a.dir/build.make CMakeFiles/cmTC_4f77a.dir/build
gmake[1]: Entering directory '/home/therapy/Astroscanner/workspace/opencv-4.10.0/release/CMakeFiles/CMakeTmp'
Building C object CMakeFiles/cmTC_4f77a.dir/src.c.o
/usr/bin/cc   -O3 -DNDEBUG -fPIE    -fsigned-char -W -Wall -Wreturn-type -Waddress -Wsequence-point -Wformat -Wformat-security -Wmissing-declarations -Wmissing-prototypes -Wstrict-prototypes -Wundef -Winit-self -Wpointer-arith -Wshadow -Wuninitialized  -Wsuggest-override -o CMakeFiles/cmTC_4f77a.dir/src.c.o -c /home/therapy/Astroscanner/workspace/opencv-4.10.0/release/CMakeFiles/CMakeTmp/src.c
cc1: warning: command-line option ‘-Wsuggest-override’ is valid for C++/ObjC++ but not for C
/home/therapy/Astroscanner/workspace/opencv-4.10.0/release/CMakeFiles/CMakeTmp/src.c:1: warning: ignoring ‘#pragma  ’ [-Wunknown-pragmas]
    1 | #pragma
      | 
Linking C executable cmTC_4f77a
/usr/bin/cmake -E cmake_link_script CMakeFiles/cmTC_4f77a.dir/link.txt --verbose=1
/usr/bin/cc -O3 -DNDEBUG CMakeFiles/cmTC_4f77a.dir/src.c.o -o cmTC_4f77a 
gmake[1]: Leaving directory '/home/therapy/Astroscanner/workspace/opencv-4.10.0/release/CMakeFiles/CMakeTmp'


===== END =====

Build output check failed:
    Regex: 'command[- ]line option .* is valid for .* but not for C'
    Output line: 'cc1: warning: command-line option ‘-Wno-delete-non-virtual-dtor’ is valid for C++/ObjC++ but not for C'
Compilation failed:
    source file: '/home/therapy/Astroscanner/workspace/opencv-4.10.0/release/CMakeFiles/CMakeTmp/src.c'
    check option: ' -fsigned-char -W -Wall -Wreturn-type -Waddress -Wsequence-point -Wformat -Wformat-security -Wmissing-declarations -Wmissing-prototypes -Wstrict-prototypes -Wundef -Winit-self -Wpointer-arith -Wshadow -Wuninitialized  -Wno-delete-non-virtual-dtor'
===== BUILD LOG =====
Change Dir: /home/therapy/Astroscanner/workspace/opencv-4.10.0/release/CMakeFiles/CMakeTmp

Run Build Command(s):/usr/bin/gmake -f Makefile cmTC_8edaa/fast && /usr/bin/gmake  -f CMakeFiles/cmTC_8edaa.dir/build.make CMakeFiles/cmTC_8edaa.dir/build
gmake[1]: Entering directory '/home/therapy/Astroscanner/workspace/opencv-4.10.0/release/CMakeFiles/CMakeTmp'
Building C object CMakeFiles/cmTC_8edaa.dir/src.c.o
/usr/bin/cc   -O3 -DNDEBUG -fPIE    -fsigned-char -W -Wall -Wreturn-type -Waddress -Wsequence-point -Wformat -Wformat-security -Wmissing-declarations -Wmissing-prototypes -Wstrict-prototypes -Wundef -Winit-self -Wpointer-arith -Wshadow -Wuninitialized  -Wno-delete-non-virtual-dtor -o CMakeFiles/cmTC_8edaa.dir/src.c.o -c /home/therapy/Astroscanner/workspace/opencv-4.10.0/release/CMakeFiles/CMakeTmp/src.c
cc1: warning: command-line option ‘-Wno-delete-non-virtual-dtor’ is valid for C++/ObjC++ but not for C
/home/therapy/Astroscanner/workspace/opencv-4.10.0/release/CMakeFiles/CMakeTmp/src.c:1: warning: ignoring ‘#pragma  ’ [-Wunknown-pragmas]
    1 | #pragma
      | 
Linking C executable cmTC_8edaa
/usr/bin/cmake -E cmake_link_script CMakeFiles/cmTC_8edaa.dir/link.txt --verbose=1
/usr/bin/cc -O3 -DNDEBUG CMakeFiles/cmTC_8edaa.dir/src.c.o -o cmTC_8edaa 
gmake[1]: Leaving directory '/home/therapy/Astroscanner/workspace/opencv-4.10.0/release/CMakeFiles/CMakeTmp'


===== END =====

Build output check failed:
    Regex: 'unrecognized .*option'
    Output line: 'cc1plus: note: unrecognized command-line option ‘-Wno-unnamed-type-template-args’ may have been intended to silence earlier diagnostics'
Compilation failed:
    source file: '/home/therapy/Astroscanner/workspace/opencv-4.10.0/release/CMakeFiles/CMakeTmp/src.cxx'
    check option: ' -fsigned-char -W -Wall -Wreturn-type -Wnon-virtual-dtor -Waddress -Wsequence-point -Wformat -Wformat-security -Wmissing-declarations -Wundef -Winit-self -Wpointer-arith -Wshadow -Wsign-promo -Wuninitialized -Wsuggest-override -Wno-delete-non-virtual-dtor  -Wno-unnamed-type-template-args'
===== BUILD LOG =====
Change Dir: /home/therapy/Astroscanner/workspace/opencv-4.10.0/release/CMakeFiles/CMakeTmp

Run Build Command(s):/usr/bin/gmake -f Makefile cmTC_73c04/fast && /usr/bin/gmake  -f CMakeFiles/cmTC_73c04.dir/build.make CMakeFiles/cmTC_73c04.dir/build
gmake[1]: Entering directory '/home/therapy/Astroscanner/workspace/opencv-4.10.0/release/CMakeFiles/CMakeTmp'
Building CXX object CMakeFiles/cmTC_73c04.dir/src.cxx.o
/usr/bin/c++   -O3 -DNDEBUG -fPIE    -fsigned-char -W -Wall -Wreturn-type -Wnon-virtual-dtor -Waddress -Wsequence-point -Wformat -Wformat-security -Wmissing-declarations -Wundef -Winit-self -Wpointer-arith -Wshadow -Wsign-promo -Wuninitialized -Wsuggest-override -Wno-delete-non-virtual-dtor  -Wno-unnamed-type-template-args -std=c++11 -o CMakeFiles/cmTC_73c04.dir/src.cxx.o -c /home/therapy/Astroscanner/workspace/opencv-4.10.0/release/CMakeFiles/CMakeTmp/src.cxx
/home/therapy/Astroscanner/workspace/opencv-4.10.0/release/CMakeFiles/CMakeTmp/src.cxx:1: warning: ignoring ‘#pragma  ’ [-Wunknown-pragmas]
    1 | #pragma
      | 
cc1plus: note: unrecognized command-line option ‘-Wno-unnamed-type-template-args’ may have been intended to silence earlier diagnostics
Linking CXX executable cmTC_73c04
/usr/bin/cmake -E cmake_link_script CMakeFiles/cmTC_73c04.dir/link.txt --verbose=1
/usr/bin/c++ -O3 -DNDEBUG CMakeFiles/cmTC_73c04.dir/src.cxx.o -o cmTC_73c04 
gmake[1]: Leaving directory '/home/therapy/Astroscanner/workspace/opencv-4.10.0/release/CMakeFiles/CMakeTmp'


===== END =====

Build output check failed:
    Regex: 'unrecognized .*option'
    Output line: 'cc1: note: unrecognized command-line option ‘-Wno-unnamed-type-template-args’ may have been intended to silence earlier diagnostics'
Compilation failed:
    source file: '/home/therapy/Astroscanner/workspace/opencv-4.10.0/release/CMakeFiles/CMakeTmp/src.c'
    check option: ' -fsigned-char -W -Wall -Wreturn-type -Waddress -Wsequence-point -Wformat -Wformat-security -Wmissing-declarations -Wmissing-prototypes -Wstrict-prototypes -Wundef -Winit-self -Wpointer-arith -Wshadow -Wuninitialized  -Wno-unnamed-type-template-args'
===== BUILD LOG =====
Change Dir: /home/therapy/Astroscanner/workspace/opencv-4.10.0/release/CMakeFiles/CMakeTmp

Run Build Command(s):/usr/bin/gmake -f Makefile cmTC_e54e6/fast && /usr/bin/gmake  -f CMakeFiles/cmTC_e54e6.dir/build.make CMakeFiles/cmTC_e54e6.dir/build
gmake[1]: Entering directory '/home/therapy/Astroscanner/workspace/opencv-4.10.0/release/CMakeFiles/CMakeTmp'
Building C object CMakeFiles/cmTC_e54e6.dir/src.c.o
/usr/bin/cc   -O3 -DNDEBUG -fPIE    -fsigned-char -W -Wall -Wreturn-type -Waddress -Wsequence-point -Wformat -Wformat-security -Wmissing-declarations -Wmissing-prototypes -Wstrict-prototypes -Wundef -Winit-self -Wpointer-arith -Wshadow -Wuninitialized  -Wno-unnamed-type-template-args -o CMakeFiles/cmTC_e54e6.dir/src.c.o -c /home/therapy/Astroscanner/workspace/opencv-4.10.0/release/CMakeFiles/CMakeTmp/src.c
/home/therapy/Astroscanner/workspace/opencv-4.10.0/release/CMakeFiles/CMakeTmp/src.c:1: warning: ignoring ‘#pragma  ’ [-Wunknown-pragmas]
    1 | #pragma
      | 
cc1: note: unrecognized command-line option ‘-Wno-unnamed-type-template-args’ may have been intended to silence earlier diagnostics
Linking C executable cmTC_e54e6
/usr/bin/cmake -E cmake_link_script CMakeFiles/cmTC_e54e6.dir/link.txt --verbose=1
/usr/bin/cc -O3 -DNDEBUG CMakeFiles/cmTC_e54e6.dir/src.c.o -o cmTC_e54e6 
gmake[1]: Leaving directory '/home/therapy/Astroscanner/workspace/opencv-4.10.0/release/CMakeFiles/CMakeTmp'


===== END =====

Build output check failed:
    Regex: 'command[- ]line option .* is valid for .* but not for C'
    Output line: 'cc1: warning: command-line option ‘-fvisibility-inlines-hidden’ is valid for C++/ObjC++ but not for C'
Compilation failed:
    source file: '/home/therapy/Astroscanner/workspace/opencv-4.10.0/release/CMakeFiles/CMakeTmp/src.c'
    check option: ' -fsigned-char -W -Wall -Wreturn-type -Waddress -Wsequence-point -Wformat -Wformat-security -Wmissing-declarations -Wmissing-prototypes -Wstrict-prototypes -Wundef -Winit-self -Wpointer-arith -Wshadow -Wuninitialized -Wno-comment -Wimplicit-fallthrough=3 -Wno-strict-overflow -fdiagnostics-show-option -pthread -fomit-frame-pointer -ffunction-sections -fdata-sections    -fvisibility=hidden  -fvisibility-inlines-hidden'
===== BUILD LOG =====
Change Dir: /home/therapy/Astroscanner/workspace/opencv-4.10.0/release/CMakeFiles/CMakeTmp

Run Build Command(s):/usr/bin/gmake -f Makefile cmTC_a0392/fast && /usr/bin/gmake  -f CMakeFiles/cmTC_a0392.dir/build.make CMakeFiles/cmTC_a0392.dir/build
gmake[1]: Entering directory '/home/therapy/Astroscanner/workspace/opencv-4.10.0/release/CMakeFiles/CMakeTmp'
Building C object CMakeFiles/cmTC_a0392.dir/src.c.o
/usr/bin/cc   -O3 -DNDEBUG -fPIE    -fsigned-char -W -Wall -Wreturn-type -Waddress -Wsequence-point -Wformat -Wformat-security -Wmissing-declarations -Wmissing-prototypes -Wstrict-prototypes -Wundef -Winit-self -Wpointer-arith -Wshadow -Wuninitialized -Wno-comment -Wimplicit-fallthrough=3 -Wno-strict-overflow -fdiagnostics-show-option -pthread -fomit-frame-pointer -ffunction-sections -fdata-sections    -fvisibility=hidden  -fvisibility-inlines-hidden -o CMakeFiles/cmTC_a0392.dir/src.c.o -c /home/therapy/Astroscanner/workspace/opencv-4.10.0/release/CMakeFiles/CMakeTmp/src.c
cc1: warning: command-line option ‘-fvisibility-inlines-hidden’ is valid for C++/ObjC++ but not for C
/home/therapy/Astroscanner/workspace/opencv-4.10.0/release/CMakeFiles/CMakeTmp/src.c:1: warning: ignoring ‘#pragma  ’ [-Wunknown-pragmas]
    1 | #pragma
      | 
Linking C executable cmTC_a0392
/usr/bin/cmake -E cmake_link_script CMakeFiles/cmTC_a0392.dir/link.txt --verbose=1
/usr/bin/cc -O3 -DNDEBUG CMakeFiles/cmTC_a0392.dir/src.c.o -o cmTC_a0392 
gmake[1]: Leaving directory '/home/therapy/Astroscanner/workspace/opencv-4.10.0/release/CMakeFiles/CMakeTmp'


===== END =====

Build output check failed:
    Regex: 'unrecognized .*option'
    Output line: 'cc1: note: unrecognized command-line option ‘-Wno-implicit-const-int-float-conversion’ may have been intended to silence earlier diagnostics'
Compilation failed:
    source file: '/home/therapy/Astroscanner/workspace/opencv-4.10.0/release/CMakeFiles/CMakeTmp/src.c'
    check option: ' -Wno-implicit-const-int-float-conversion'
===== BUILD LOG =====
Change Dir: /home/therapy/Astroscanner/workspace/opencv-4.10.0/release/CMakeFiles/CMakeTmp

Run Build Command(s):/usr/bin/gmake -f Makefile cmTC_11004/fast && /usr/bin/gmake  -f CMakeFiles/cmTC_11004.dir/build.make CMakeFiles/cmTC_11004.dir/build
gmake[1]: Entering directory '/home/therapy/Astroscanner/workspace/opencv-4.10.0/release/CMakeFiles/CMakeTmp'
Building C object CMakeFiles/cmTC_11004.dir/src.c.o
/usr/bin/cc   -fsigned-char -W -Wall -Wreturn-type -Waddress -Wsequence-point -Wformat -Wformat-security -Wmissing-declarations -Wmissing-prototypes -Wstrict-prototypes -Wundef -Winit-self -Wpointer-arith -Wshadow -Wuninitialized -Wno-comment -Wimplicit-fallthrough=3 -Wno-strict-overflow -fdiagnostics-show-option -pthread -fomit-frame-pointer -ffunction-sections -fdata-sections    -fvisibility=hidden  -O3 -DNDEBUG  -DNDEBUG -fPIE    -Wno-implicit-const-int-float-conversion -o CMakeFiles/cmTC_11004.dir/src.c.o -c /home/therapy/Astroscanner/workspace/opencv-4.10.0/release/CMakeFiles/CMakeTmp/src.c
/home/therapy/Astroscanner/workspace/opencv-4.10.0/release/CMakeFiles/CMakeTmp/src.c:1: warning: ignoring ‘#pragma  ’ [-Wunknown-pragmas]
    1 | #pragma
      | 
cc1: note: unrecognized command-line option ‘-Wno-implicit-const-int-float-conversion’ may have been intended to silence earlier diagnostics
Linking C executable cmTC_11004
/usr/bin/cmake -E cmake_link_script CMakeFiles/cmTC_11004.dir/link.txt --verbose=1
/usr/bin/cc    -fsigned-char -W -Wall -Wreturn-type -Waddress -Wsequence-point -Wformat -Wformat-security -Wmissing-declarations -Wmissing-prototypes -Wstrict-prototypes -Wundef -Winit-self -Wpointer-arith -Wshadow -Wuninitialized -Wno-comment -Wimplicit-fallthrough=3 -Wno-strict-overflow -fdiagnostics-show-option -pthread -fomit-frame-pointer -ffunction-sections -fdata-sections    -fvisibility=hidden  -O3 -DNDEBUG  -DNDEBUG   -Wl,--gc-sections -Wl,--as-needed -Wl,--no-undefined  CMakeFiles/cmTC_11004.dir/src.c.o -o cmTC_11004 
gmake[1]: Leaving directory '/home/therapy/Astroscanner/workspace/opencv-4.10.0/release/CMakeFiles/CMakeTmp'


===== END =====

Build output check failed:
    Regex: 'unrecognized .*option'
    Output line: 'cc1: note: unrecognized command-line option ‘-Wno-documentation’ may have been intended to silence earlier diagnostics'
Compilation failed:
    source file: '/home/therapy/Astroscanner/workspace/opencv-4.10.0/release/CMakeFiles/CMakeTmp/src.c'
    check option: ' -Wno-documentation'
===== BUILD LOG =====
Change Dir: /home/therapy/Astroscanner/workspace/opencv-4.10.0/release/CMakeFiles/CMakeTmp

Run Build Command(s):/usr/bin/gmake -f Makefile cmTC_5ded0/fast && /usr/bin/gmake  -f CMakeFiles/cmTC_5ded0.dir/build.make CMakeFiles/cmTC_5ded0.dir/build
gmake[1]: Entering directory '/home/therapy/Astroscanner/workspace/opencv-4.10.0/release/CMakeFiles/CMakeTmp'
Building C object CMakeFiles/cmTC_5ded0.dir/src.c.o
/usr/bin/cc   -fsigned-char -W -Wall -Wreturn-type -Waddress -Wsequence-point -Wformat -Wformat-security -Wstrict-prototypes -Wundef -Winit-self -Wpointer-arith -Wshadow -Wuninitialized -Wno-comment -Wimplicit-fallthrough=3 -Wno-strict-overflow -fdiagnostics-show-option -pthread -fomit-frame-pointer -ffunction-sections -fdata-sections    -fvisibility=hidden -Wno-unused-but-set-variable -Wno-missing-prototypes -Wno-missing-declarations  -O3 -DNDEBUG  -DNDEBUG -fPIE    -Wno-documentation -o CMakeFiles/cmTC_5ded0.dir/src.c.o -c /home/therapy/Astroscanner/workspace/opencv-4.10.0/release/CMakeFiles/CMakeTmp/src.c
/home/therapy/Astroscanner/workspace/opencv-4.10.0/release/CMakeFiles/CMakeTmp/src.c:1: warning: ignoring ‘#pragma  ’ [-Wunknown-pragmas]
    1 | #pragma
      | 
cc1: note: unrecognized command-line option ‘-Wno-documentation’ may have been intended to silence earlier diagnostics
Linking C executable cmTC_5ded0
/usr/bin/cmake -E cmake_link_script CMakeFiles/cmTC_5ded0.dir/link.txt --verbose=1
/usr/bin/cc    -fsigned-char -W -Wall -Wreturn-type -Waddress -Wsequence-point -Wformat -Wformat-security -Wstrict-prototypes -Wundef -Winit-self -Wpointer-arith -Wshadow -Wuninitialized -Wno-comment -Wimplicit-fallthrough=3 -Wno-strict-overflow -fdiagnostics-show-option -pthread -fomit-frame-pointer -ffunction-sections -fdata-sections    -fvisibility=hidden -Wno-unused-but-set-variable -Wno-missing-prototypes -Wno-missing-declarations  -O3 -DNDEBUG  -DNDEBUG   -Wl,--gc-sections -Wl,--as-needed -Wl,--no-undefined  CMakeFiles/cmTC_5ded0.dir/src.c.o -o cmTC_5ded0 
gmake[1]: Leaving directory '/home/therapy/Astroscanner/workspace/opencv-4.10.0/release/CMakeFiles/CMakeTmp'


===== END =====

Determining if the _aligned_malloc exist failed with the following output:
Change Dir: /home/therapy/Astroscanner/workspace/opencv-4.10.0/release/CMakeFiles/CMakeTmp

Run Build Command(s):/usr/bin/gmake -f Makefile cmTC_a1b0a/fast && /usr/bin/gmake  -f CMakeFiles/cmTC_a1b0a.dir/build.make CMakeFiles/cmTC_a1b0a.dir/build
gmake[1]: Entering directory '/home/therapy/Astroscanner/workspace/opencv-4.10.0/release/CMakeFiles/CMakeTmp'
Building C object CMakeFiles/cmTC_a1b0a.dir/CheckSymbolExists.c.o
/usr/bin/cc   -fsigned-char -W -Wall -Wreturn-type -Waddress -Wsequence-point -Wformat -Wformat-security -Wstrict-prototypes -Wundef -Winit-self -Wpointer-arith -Wshadow -Wuninitialized -Wno-comment -Wimplicit-fallthrough=3 -Wno-strict-overflow -fdiagnostics-show-option -pthread -fomit-frame-pointer -ffunction-sections -fdata-sections    -fvisibility=hidden -Wno-unused-but-set-variable -Wno-missing-prototypes -Wno-missing-declarations  -O3 -DNDEBUG  -DNDEBUG -fPIE -o CMakeFiles/cmTC_a1b0a.dir/CheckSymbolExists.c.o -c /home/therapy/Astroscanner/workspace/opencv-4.10.0/release/CMakeFiles/CMakeTmp/CheckSymbolExists.c
/home/therapy/Astroscanner/workspace/opencv-4.10.0/release/CMakeFiles/CMakeTmp/CheckSymbolExists.c: In function ‘main’:
/home/therapy/Astroscanner/workspace/opencv-4.10.0/release/CMakeFiles/CMakeTmp/CheckSymbolExists.c:8:19: error: ‘_aligned_malloc’ undeclared (first use in this function)
    8 |   return ((int*)(&_aligned_malloc))[argc];
      |                   ^~~~~~~~~~~~~~~
/home/therapy/Astroscanner/workspace/opencv-4.10.0/release/CMakeFiles/CMakeTmp/CheckSymbolExists.c:8:19: note: each undeclared identifier is reported only once for each function it appears in
/home/therapy/Astroscanner/workspace/opencv-4.10.0/release/CMakeFiles/CMakeTmp/CheckSymbolExists.c:4:14: warning: parameter ‘argc’ set but not used [-Wunused-but-set-parameter]
    4 | int main(int argc, char** argv)
      |          ~~~~^~~~
gmake[1]: *** [CMakeFiles/cmTC_a1b0a.dir/build.make:78: CMakeFiles/cmTC_a1b0a.dir/CheckSymbolExists.c.o] Error 1
gmake[1]: Leaving directory '/home/therapy/Astroscanner/workspace/opencv-4.10.0/release/CMakeFiles/CMakeTmp'
gmake: *** [Makefile:127: cmTC_a1b0a/fast] Error 2


File /home/therapy/Astroscanner/workspace/opencv-4.10.0/release/CMakeFiles/CMakeTmp/CheckSymbolExists.c:
/* */
#include <malloc.h>

int main(int argc, char** argv)
{
  (void)argv;
#ifndef _aligned_malloc
  return ((int*)(&_aligned_malloc))[argc];
#else
  (void)argc;
  return 0;
#endif
}
Build output check failed:
    Regex: 'unrecognized .*option'
    Output line: 'cc1plus: note: unrecognized command-line option ‘-Wno-inconsistent-missing-override’ may have been intended to silence earlier diagnostics'
Compilation failed:
    source file: '/home/therapy/Astroscanner/workspace/opencv-4.10.0/release/CMakeFiles/CMakeTmp/src.cxx'
    check option: ' -Wno-inconsistent-missing-override'
===== BUILD LOG =====
Change Dir: /home/therapy/Astroscanner/workspace/opencv-4.10.0/release/CMakeFiles/CMakeTmp

Run Build Command(s):/usr/bin/gmake -f Makefile cmTC_e8d91/fast && /usr/bin/gmake  -f CMakeFiles/cmTC_e8d91.dir/build.make CMakeFiles/cmTC_e8d91.dir/build
gmake[1]: Entering directory '/home/therapy/Astroscanner/workspace/opencv-4.10.0/release/CMakeFiles/CMakeTmp'
Building CXX object CMakeFiles/cmTC_e8d91.dir/src.cxx.o
/usr/bin/c++   -fsigned-char -W -Wall -Wreturn-type -Wnon-virtual-dtor -Waddress -Wsequence-point -Wformat -Wformat-security -Winit-self -Wpointer-arith -Wsign-promo -Wno-delete-non-virtual-dtor -Wno-comment -Wimplicit-fallthrough=3 -Wno-strict-overflow -fdiagnostics-show-option -pthread -fomit-frame-pointer -ffunction-sections -fdata-sections    -fvisibility=hidden -fvisibility-inlines-hidden -Wno-shadow -Wno-unused -Wno-sign-compare -Wno-undef -Wno-missing-declarations -Wno-uninitialized -Wno-switch -Wno-parentheses -Wno-array-bounds -Wno-extra -Wno-deprecated-declarations -Wno-misleading-indentation -Wno-deprecated -Wno-suggest-override  -O3 -DNDEBUG  -DNDEBUG -fPIE    -Wno-inconsistent-missing-override -std=c++11 -o CMakeFiles/cmTC_e8d91.dir/src.cxx.o -c /home/therapy/Astroscanner/workspace/opencv-4.10.0/release/CMakeFiles/CMakeTmp/src.cxx
/home/therapy/Astroscanner/workspace/opencv-4.10.0/release/CMakeFiles/CMakeTmp/src.cxx:1: warning: ignoring ‘#pragma  ’ [-Wunknown-pragmas]
    1 | #pragma
      | 
cc1plus: note: unrecognized command-line option ‘-Wno-inconsistent-missing-override’ may have been intended to silence earlier diagnostics
Linking CXX executable cmTC_e8d91
/usr/bin/cmake -E cmake_link_script CMakeFiles/cmTC_e8d91.dir/link.txt --verbose=1
/usr/bin/c++    -fsigned-char -W -Wall -Wreturn-type -Wnon-virtual-dtor -Waddress -Wsequence-point -Wformat -Wformat-security -Winit-self -Wpointer-arith -Wsign-promo -Wno-delete-non-virtual-dtor -Wno-comment -Wimplicit-fallthrough=3 -Wno-strict-overflow -fdiagnostics-show-option -pthread -fomit-frame-pointer -ffunction-sections -fdata-sections    -fvisibility=hidden -fvisibility-inlines-hidden -Wno-shadow -Wno-unused -Wno-sign-compare -Wno-undef -Wno-missing-declarations -Wno-uninitialized -Wno-switch -Wno-parentheses -Wno-array-bounds -Wno-extra -Wno-deprecated-declarations -Wno-misleading-indentation -Wno-deprecated -Wno-suggest-override  -O3 -DNDEBUG  -DNDEBUG   -Wl,--gc-sections -Wl,--as-needed -Wl,--no-undefined  CMakeFiles/cmTC_e8d91.dir/src.cxx.o -o cmTC_e8d91 
gmake[1]: Leaving directory '/home/therapy/Astroscanner/workspace/opencv-4.10.0/release/CMakeFiles/CMakeTmp'


===== END =====

Build output check failed:
    Regex: 'command[- ]line option .* is valid for .* but not for C\+\+'
    Output line: 'cc1plus: warning: command-line option ‘-Wno-missing-prototypes’ is valid for C/ObjC but not for C++'
Compilation failed:
    source file: '/home/therapy/Astroscanner/workspace/opencv-4.10.0/release/CMakeFiles/CMakeTmp/src.cxx'
    check option: ' -Wno-missing-prototypes'
===== BUILD LOG =====
Change Dir: /home/therapy/Astroscanner/workspace/opencv-4.10.0/release/CMakeFiles/CMakeTmp

Run Build Command(s):/usr/bin/gmake -f Makefile cmTC_bcf93/fast && /usr/bin/gmake  -f CMakeFiles/cmTC_bcf93.dir/build.make CMakeFiles/cmTC_bcf93.dir/build
gmake[1]: Entering directory '/home/therapy/Astroscanner/workspace/opencv-4.10.0/release/CMakeFiles/CMakeTmp'
Building CXX object CMakeFiles/cmTC_bcf93.dir/src.cxx.o
/usr/bin/c++   -fsigned-char -W -Wall -Wreturn-type -Wnon-virtual-dtor -Waddress -Wsequence-point -Wformat -Wformat-security -Winit-self -Wpointer-arith -Wsign-promo -Wno-delete-non-virtual-dtor -Wno-comment -Wno-strict-overflow -fdiagnostics-show-option -pthread -fomit-frame-pointer -ffunction-sections -fdata-sections    -fvisibility=hidden -fvisibility-inlines-hidden -Wno-shadow -Wno-unused -Wno-sign-compare -Wno-undef -Wno-missing-declarations -Wno-uninitialized -Wno-switch -Wno-parentheses -Wno-array-bounds -Wno-extra -Wno-deprecated-declarations -Wno-misleading-indentation -Wno-deprecated -Wno-suggest-override -Wno-implicit-fallthrough -Wno-tautological-compare  -O3 -DNDEBUG  -DNDEBUG -fPIE    -Wno-missing-prototypes -std=c++11 -o CMakeFiles/cmTC_bcf93.dir/src.cxx.o -c /home/therapy/Astroscanner/workspace/opencv-4.10.0/release/CMakeFiles/CMakeTmp/src.cxx
cc1plus: warning: command-line option ‘-Wno-missing-prototypes’ is valid for C/ObjC but not for C++
/home/therapy/Astroscanner/workspace/opencv-4.10.0/release/CMakeFiles/CMakeTmp/src.cxx:1: warning: ignoring ‘#pragma  ’ [-Wunknown-pragmas]
    1 | #pragma
      | 
Linking CXX executable cmTC_bcf93
/usr/bin/cmake -E cmake_link_script CMakeFiles/cmTC_bcf93.dir/link.txt --verbose=1
/usr/bin/c++    -fsigned-char -W -Wall -Wreturn-type -Wnon-virtual-dtor -Waddress -Wsequence-point -Wformat -Wformat-security -Winit-self -Wpointer-arith -Wsign-promo -Wno-delete-non-virtual-dtor -Wno-comment -Wno-strict-overflow -fdiagnostics-show-option -pthread -fomit-frame-pointer -ffunction-sections -fdata-sections    -fvisibility=hidden -fvisibility-inlines-hidden -Wno-shadow -Wno-unused -Wno-sign-compare -Wno-undef -Wno-missing-declarations -Wno-uninitialized -Wno-switch -Wno-parentheses -Wno-array-bounds -Wno-extra -Wno-deprecated-declarations -Wno-misleading-indentation -Wno-deprecated -Wno-suggest-override -Wno-implicit-fallthrough -Wno-tautological-compare  -O3 -DNDEBUG  -DNDEBUG   -Wl,--gc-sections -Wl,--as-needed -Wl,--no-undefined  CMakeFiles/cmTC_bcf93.dir/src.cxx.o -o cmTC_bcf93 
gmake[1]: Leaving directory '/home/therapy/Astroscanner/workspace/opencv-4.10.0/release/CMakeFiles/CMakeTmp'


===== END =====

Build output check failed:
    Regex: 'unrecognized .*option'
    Output line: 'cc1plus: note: unrecognized command-line option ‘-Wno-implicit-const-int-float-conversion’ may have been intended to silence earlier diagnostics'
Compilation failed:
    source file: '/home/therapy/Astroscanner/workspace/opencv-4.10.0/release/CMakeFiles/CMakeTmp/src.cxx'
    check option: ' -Wno-implicit-const-int-float-conversion'
===== BUILD LOG =====
Change Dir: /home/therapy/Astroscanner/workspace/opencv-4.10.0/release/CMakeFiles/CMakeTmp

Run Build Command(s):/usr/bin/gmake -f Makefile cmTC_7487a/fast && /usr/bin/gmake  -f CMakeFiles/cmTC_7487a.dir/build.make CMakeFiles/cmTC_7487a.dir/build
gmake[1]: Entering directory '/home/therapy/Astroscanner/workspace/opencv-4.10.0/release/CMakeFiles/CMakeTmp'
Building CXX object CMakeFiles/cmTC_7487a.dir/src.cxx.o
/usr/bin/c++   -fsigned-char -W -Wall -Wreturn-type -Wnon-virtual-dtor -Waddress -Wsequence-point -Wformat -Wformat-security -Winit-self -Wpointer-arith -Wsign-promo -Wno-delete-non-virtual-dtor -Wno-comment -Wno-strict-overflow -fdiagnostics-show-option -pthread -fomit-frame-pointer -ffunction-sections -fdata-sections    -fvisibility=hidden -fvisibility-inlines-hidden -Wno-shadow -Wno-unused -Wno-sign-compare -Wno-undef -Wno-missing-declarations -Wno-uninitialized -Wno-switch -Wno-parentheses -Wno-array-bounds -Wno-extra -Wno-deprecated-declarations -Wno-misleading-indentation -Wno-deprecated -Wno-suggest-override -Wno-implicit-fallthrough -Wno-tautological-compare -Wno-reorder -Wno-unused-result  -O3 -DNDEBUG  -DNDEBUG -fPIE    -Wno-implicit-const-int-float-conversion -std=c++11 -o CMakeFiles/cmTC_7487a.dir/src.cxx.o -c /home/therapy/Astroscanner/workspace/opencv-4.10.0/release/CMakeFiles/CMakeTmp/src.cxx
/home/therapy/Astroscanner/workspace/opencv-4.10.0/release/CMakeFiles/CMakeTmp/src.cxx:1: warning: ignoring ‘#pragma  ’ [-Wunknown-pragmas]
    1 | #pragma
      | 
cc1plus: note: unrecognized command-line option ‘-Wno-implicit-const-int-float-conversion’ may have been intended to silence earlier diagnostics
Linking CXX executable cmTC_7487a
/usr/bin/cmake -E cmake_link_script CMakeFiles/cmTC_7487a.dir/link.txt --verbose=1
/usr/bin/c++    -fsigned-char -W -Wall -Wreturn-type -Wnon-virtual-dtor -Waddress -Wsequence-point -Wformat -Wformat-security -Winit-self -Wpointer-arith -Wsign-promo -Wno-delete-non-virtual-dtor -Wno-comment -Wno-strict-overflow -fdiagnostics-show-option -pthread -fomit-frame-pointer -ffunction-sections -fdata-sections    -fvisibility=hidden -fvisibility-inlines-hidden -Wno-shadow -Wno-unused -Wno-sign-compare -Wno-undef -Wno-missing-declarations -Wno-uninitialized -Wno-switch -Wno-parentheses -Wno-array-bounds -Wno-extra -Wno-deprecated-declarations -Wno-misleading-indentation -Wno-deprecated -Wno-suggest-override -Wno-implicit-fallthrough -Wno-tautological-compare -Wno-reorder -Wno-unused-result  -O3 -DNDEBUG  -DNDEBUG   -Wl,--gc-sections -Wl,--as-needed -Wl,--no-undefined  CMakeFiles/cmTC_7487a.dir/src.cxx.o -o cmTC_7487a 
gmake[1]: Leaving directory '/home/therapy/Astroscanner/workspace/opencv-4.10.0/release/CMakeFiles/CMakeTmp'


===== END =====

Determining if the function sgemm_ exists failed with the following output:
Change Dir: /home/therapy/Astroscanner/workspace/opencv-4.10.0/release/CMakeFiles/CMakeTmp

Run Build Command(s):/usr/bin/gmake -f Makefile cmTC_67f9a/fast && /usr/bin/gmake  -f CMakeFiles/cmTC_67f9a.dir/build.make CMakeFiles/cmTC_67f9a.dir/build
gmake[1]: Entering directory '/home/therapy/Astroscanner/workspace/opencv-4.10.0/release/CMakeFiles/CMakeTmp'
Building C object CMakeFiles/cmTC_67f9a.dir/CheckFunctionExists.c.o
/usr/bin/cc   -fsigned-char -W -Wall -Wreturn-type -Waddress -Wsequence-point -Wformat -Wformat-security -Wmissing-declarations -Wmissing-prototypes -Wstrict-prototypes -Wundef -Winit-self -Wpointer-arith -Wshadow -Wuninitialized -Wno-comment -Wimplicit-fallthrough=3 -Wno-strict-overflow -fdiagnostics-show-option -pthread -fomit-frame-pointer -ffunction-sections -fdata-sections    -fvisibility=hidden -DCHECK_FUNCTION_EXISTS=sgemm_ -O3 -DNDEBUG  -DNDEBUG -fPIE -o CMakeFiles/cmTC_67f9a.dir/CheckFunctionExists.c.o -c /usr/share/cmake-3.22/Modules/CheckFunctionExists.c
Linking C executable cmTC_67f9a
/usr/bin/cmake -E cmake_link_script CMakeFiles/cmTC_67f9a.dir/link.txt --verbose=1
/usr/bin/cc    -fsigned-char -W -Wall -Wreturn-type -Waddress -Wsequence-point -Wformat -Wformat-security -Wmissing-declarations -Wmissing-prototypes -Wstrict-prototypes -Wundef -Winit-self -Wpointer-arith -Wshadow -Wuninitialized -Wno-comment -Wimplicit-fallthrough=3 -Wno-strict-overflow -fdiagnostics-show-option -pthread -fomit-frame-pointer -ffunction-sections -fdata-sections    -fvisibility=hidden -DCHECK_FUNCTION_EXISTS=sgemm_ -O3 -DNDEBUG  -DNDEBUG   -Wl,--gc-sections -Wl,--as-needed -Wl,--no-undefined  CMakeFiles/cmTC_67f9a.dir/CheckFunctionExists.c.o -o cmTC_67f9a 
/usr/bin/ld: CMakeFiles/cmTC_67f9a.dir/CheckFunctionExists.c.o: in function `main':
CheckFunctionExists.c:(.text.startup.main+0x10): undefined reference to `sgemm_'
collect2: error: ld returned 1 exit status
gmake[1]: *** [CMakeFiles/cmTC_67f9a.dir/build.make:99: cmTC_67f9a] Error 1
gmake[1]: Leaving directory '/home/therapy/Astroscanner/workspace/opencv-4.10.0/release/CMakeFiles/CMakeTmp'
gmake: *** [Makefile:127: cmTC_67f9a/fast] Error 2



Build output check failed:
    Regex: 'unrecognized .*option'
    Output line: 'cc1plus: note: unrecognized command-line option ‘-Wno-tautological-undefined-compare’ may have been intended to silence earlier diagnostics'
Compilation failed:
    source file: '/home/therapy/Astroscanner/workspace/opencv-4.10.0/release/CMakeFiles/CMakeTmp/src.cxx'
    check option: ' -Wno-tautological-undefined-compare'
===== BUILD LOG =====
Change Dir: /home/therapy/Astroscanner/workspace/opencv-4.10.0/release/CMakeFiles/CMakeTmp

Run Build Command(s):/usr/bin/gmake -f Makefile cmTC_2fc92/fast && /usr/bin/gmake  -f CMakeFiles/cmTC_2fc92.dir/build.make CMakeFiles/cmTC_2fc92.dir/build
gmake[1]: Entering directory '/home/therapy/Astroscanner/workspace/opencv-4.10.0/release/CMakeFiles/CMakeTmp'
Building CXX object CMakeFiles/cmTC_2fc92.dir/src.cxx.o
/usr/bin/c++   -fsigned-char -W -Wall -Wreturn-type -Wnon-virtual-dtor -Waddress -Wsequence-point -Wformat -Wformat-security -Winit-self -Wpointer-arith -Wuninitialized -Wsuggest-override -Wno-delete-non-virtual-dtor -Wno-comment -Wimplicit-fallthrough=3 -Wno-strict-overflow -fdiagnostics-show-option -pthread -fomit-frame-pointer -ffunction-sections -fdata-sections    -fvisibility=hidden -fvisibility-inlines-hidden -Wno-deprecated -Wno-missing-declarations -Wno-shadow -Wno-unused-parameter -Wno-unused-local-typedefs -Wno-sign-compare -Wno-sign-promo -Wno-undef  -O3 -DNDEBUG  -DNDEBUG -fPIE    -Wno-tautological-undefined-compare -std=c++11 -o CMakeFiles/cmTC_2fc92.dir/src.cxx.o -c /home/therapy/Astroscanner/workspace/opencv-4.10.0/release/CMakeFiles/CMakeTmp/src.cxx
/home/therapy/Astroscanner/workspace/opencv-4.10.0/release/CMakeFiles/CMakeTmp/src.cxx:1: warning: ignoring ‘#pragma  ’ [-Wunknown-pragmas]
    1 | #pragma
      | 
cc1plus: note: unrecognized command-line option ‘-Wno-tautological-undefined-compare’ may have been intended to silence earlier diagnostics
Linking CXX executable cmTC_2fc92
/usr/bin/cmake -E cmake_link_script CMakeFiles/cmTC_2fc92.dir/link.txt --verbose=1
/usr/bin/c++    -fsigned-char -W -Wall -Wreturn-type -Wnon-virtual-dtor -Waddress -Wsequence-point -Wformat -Wformat-security -Winit-self -Wpointer-arith -Wuninitialized -Wsuggest-override -Wno-delete-non-virtual-dtor -Wno-comment -Wimplicit-fallthrough=3 -Wno-strict-overflow -fdiagnostics-show-option -pthread -fomit-frame-pointer -ffunction-sections -fdata-sections    -fvisibility=hidden -fvisibility-inlines-hidden -Wno-deprecated -Wno-missing-declarations -Wno-shadow -Wno-unused-parameter -Wno-unused-local-typedefs -Wno-sign-compare -Wno-sign-promo -Wno-undef  -O3 -DNDEBUG  -DNDEBUG   -Wl,--gc-sections -Wl,--as-needed -Wl,--no-undefined  CMakeFiles/cmTC_2fc92.dir/src.cxx.o -o cmTC_2fc92 
gmake[1]: Leaving directory '/home/therapy/Astroscanner/workspace/opencv-4.10.0/release/CMakeFiles/CMakeTmp'


===== END =====

Build output check failed:
    Regex: 'unrecognized .*option'
    Output line: 'cc1plus: note: unrecognized command-line option ‘-Wno-shorten-64-to-32’ may have been intended to silence earlier diagnostics'
Compilation failed:
    source file: '/home/therapy/Astroscanner/workspace/opencv-4.10.0/release/CMakeFiles/CMakeTmp/src.cxx'
    check option: ' -Wno-shorten-64-to-32'
===== BUILD LOG =====
Change Dir: /home/therapy/Astroscanner/workspace/opencv-4.10.0/release/CMakeFiles/CMakeTmp

Run Build Command(s):/usr/bin/gmake -f Makefile cmTC_e671a/fast && /usr/bin/gmake  -f CMakeFiles/cmTC_e671a.dir/build.make CMakeFiles/cmTC_e671a.dir/build
gmake[1]: Entering directory '/home/therapy/Astroscanner/workspace/opencv-4.10.0/release/CMakeFiles/CMakeTmp'
Building CXX object CMakeFiles/cmTC_e671a.dir/src.cxx.o
/usr/bin/c++   -fsigned-char -W -Wall -Wreturn-type -Wnon-virtual-dtor -Waddress -Wsequence-point -Wformat -Wformat-security -Winit-self -Wpointer-arith -Wuninitialized -Wsuggest-override -Wno-delete-non-virtual-dtor -Wno-comment -Wimplicit-fallthrough=3 -Wno-strict-overflow -fdiagnostics-show-option -pthread -fomit-frame-pointer -ffunction-sections -fdata-sections    -fvisibility=hidden -fvisibility-inlines-hidden -Wno-deprecated -Wno-missing-declarations -Wno-shadow -Wno-unused-parameter -Wno-unused-local-typedefs -Wno-sign-compare -Wno-sign-promo -Wno-undef -Wno-ignored-qualifiers -Wno-extra -Wno-unused-function -Wno-unused-const-variable  -O3 -DNDEBUG  -DNDEBUG -fPIE    -Wno-shorten-64-to-32 -std=c++11 -o CMakeFiles/cmTC_e671a.dir/src.cxx.o -c /home/therapy/Astroscanner/workspace/opencv-4.10.0/release/CMakeFiles/CMakeTmp/src.cxx
/home/therapy/Astroscanner/workspace/opencv-4.10.0/release/CMakeFiles/CMakeTmp/src.cxx:1: warning: ignoring ‘#pragma  ’ [-Wunknown-pragmas]
    1 | #pragma
      | 
cc1plus: note: unrecognized command-line option ‘-Wno-shorten-64-to-32’ may have been intended to silence earlier diagnostics
Linking CXX executable cmTC_e671a
/usr/bin/cmake -E cmake_link_script CMakeFiles/cmTC_e671a.dir/link.txt --verbose=1
/usr/bin/c++    -fsigned-char -W -Wall -Wreturn-type -Wnon-virtual-dtor -Waddress -Wsequence-point -Wformat -Wformat-security -Winit-self -Wpointer-arith -Wuninitialized -Wsuggest-override -Wno-delete-non-virtual-dtor -Wno-comment -Wimplicit-fallthrough=3 -Wno-strict-overflow -fdiagnostics-show-option -pthread -fomit-frame-pointer -ffunction-sections -fdata-sections    -fvisibility=hidden -fvisibility-inlines-hidden -Wno-deprecated -Wno-missing-declarations -Wno-shadow -Wno-unused-parameter -Wno-unused-local-typedefs -Wno-sign-compare -Wno-sign-promo -Wno-undef -Wno-ignored-qualifiers -Wno-extra -Wno-unused-function -Wno-unused-const-variable  -O3 -DNDEBUG  -DNDEBUG   -Wl,--gc-sections -Wl,--as-needed -Wl,--no-undefined  CMakeFiles/cmTC_e671a.dir/src.cxx.o -o cmTC_e671a 
gmake[1]: Leaving directory '/home/therapy/Astroscanner/workspace/opencv-4.10.0/release/CMakeFiles/CMakeTmp'


===== END =====

Build output check failed:
    Regex: 'unrecognized .*option'
    Output line: 'cc1plus: note: unrecognized command-line option ‘-Wno-enum-compare-switch’ may have been intended to silence earlier diagnostics'
Compilation failed:
    source file: '/home/therapy/Astroscanner/workspace/opencv-4.10.0/release/CMakeFiles/CMakeTmp/src.cxx'
    check option: ' -Wno-enum-compare-switch'
===== BUILD LOG =====
Change Dir: /home/therapy/Astroscanner/workspace/opencv-4.10.0/release/CMakeFiles/CMakeTmp

Run Build Command(s):/usr/bin/gmake -f Makefile cmTC_65cd3/fast && /usr/bin/gmake  -f CMakeFiles/cmTC_65cd3.dir/build.make CMakeFiles/cmTC_65cd3.dir/build
gmake[1]: Entering directory '/home/therapy/Astroscanner/workspace/opencv-4.10.0/release/CMakeFiles/CMakeTmp'
Building CXX object CMakeFiles/cmTC_65cd3.dir/src.cxx.o
/usr/bin/c++   -fsigned-char -W -Wall -Wreturn-type -Wnon-virtual-dtor -Waddress -Wsequence-point -Wformat -Wformat-security -Winit-self -Wpointer-arith -Wuninitialized -Wsuggest-override -Wno-delete-non-virtual-dtor -Wno-comment -Wimplicit-fallthrough=3 -Wno-strict-overflow -fdiagnostics-show-option -pthread -fomit-frame-pointer -ffunction-sections -fdata-sections    -fvisibility=hidden -fvisibility-inlines-hidden -Wno-deprecated -Wno-missing-declarations -Wno-shadow -Wno-unused-parameter -Wno-unused-local-typedefs -Wno-sign-compare -Wno-sign-promo -Wno-undef -Wno-ignored-qualifiers -Wno-extra -Wno-unused-function -Wno-unused-const-variable -Wno-invalid-offsetof  -O3 -DNDEBUG  -DNDEBUG -fPIE    -Wno-enum-compare-switch -std=c++11 -o CMakeFiles/cmTC_65cd3.dir/src.cxx.o -c /home/therapy/Astroscanner/workspace/opencv-4.10.0/release/CMakeFiles/CMakeTmp/src.cxx
/home/therapy/Astroscanner/workspace/opencv-4.10.0/release/CMakeFiles/CMakeTmp/src.cxx:1: warning: ignoring ‘#pragma  ’ [-Wunknown-pragmas]
    1 | #pragma
      | 
cc1plus: note: unrecognized command-line option ‘-Wno-enum-compare-switch’ may have been intended to silence earlier diagnostics
Linking CXX executable cmTC_65cd3
/usr/bin/cmake -E cmake_link_script CMakeFiles/cmTC_65cd3.dir/link.txt --verbose=1
/usr/bin/c++    -fsigned-char -W -Wall -Wreturn-type -Wnon-virtual-dtor -Waddress -Wsequence-point -Wformat -Wformat-security -Winit-self -Wpointer-arith -Wuninitialized -Wsuggest-override -Wno-delete-non-virtual-dtor -Wno-comment -Wimplicit-fallthrough=3 -Wno-strict-overflow -fdiagnostics-show-option -pthread -fomit-frame-pointer -ffunction-sections -fdata-sections    -fvisibility=hidden -fvisibility-inlines-hidden -Wno-deprecated -Wno-missing-declarations -Wno-shadow -Wno-unused-parameter -Wno-unused-local-typedefs -Wno-sign-compare -Wno-sign-promo -Wno-undef -Wno-ignored-qualifiers -Wno-extra -Wno-unused-function -Wno-unused-const-variable -Wno-invalid-offsetof  -O3 -DNDEBUG  -DNDEBUG   -Wl,--gc-sections -Wl,--as-needed -Wl,--no-undefined  CMakeFiles/cmTC_65cd3.dir/src.cxx.o -o cmTC_65cd3 
gmake[1]: Leaving directory '/home/therapy/Astroscanner/workspace/opencv-4.10.0/release/CMakeFiles/CMakeTmp'


===== END =====

Build output check failed:
    Regex: 'unrecognized .*option'
    Output line: 'cc1plus: note: unrecognized command-line option ‘-Wno-comma’ may have been intended to silence earlier diagnostics'
Compilation failed:
    source file: '/home/therapy/Astroscanner/workspace/opencv-4.10.0/release/CMakeFiles/CMakeTmp/src.cxx'
    check option: ' -Wno-comma'
===== BUILD LOG =====
Change Dir: /home/therapy/Astroscanner/workspace/opencv-4.10.0/release/CMakeFiles/CMakeTmp

Run Build Command(s):/usr/bin/gmake -f Makefile cmTC_51d4e/fast && /usr/bin/gmake  -f CMakeFiles/cmTC_51d4e.dir/build.make CMakeFiles/cmTC_51d4e.dir/build
gmake[1]: Entering directory '/home/therapy/Astroscanner/workspace/opencv-4.10.0/release/CMakeFiles/CMakeTmp'
Building CXX object CMakeFiles/cmTC_51d4e.dir/src.cxx.o
/usr/bin/c++   -fsigned-char -W -Wall -Wreturn-type -Wnon-virtual-dtor -Waddress -Wsequence-point -Wformat -Wformat-security -Winit-self -Wpointer-arith -Wuninitialized -Wno-delete-non-virtual-dtor -Wno-comment -Wno-strict-overflow -fdiagnostics-show-option -pthread -fomit-frame-pointer -ffunction-sections -fdata-sections    -fvisibility=hidden -fvisibility-inlines-hidden -Wno-deprecated -Wno-missing-declarations -Wno-shadow -Wno-unused-parameter -Wno-unused-local-typedefs -Wno-sign-compare -Wno-sign-promo -Wno-undef -Wno-ignored-qualifiers -Wno-extra -Wno-unused-function -Wno-unused-const-variable -Wno-invalid-offsetof -Wno-suggest-override -Wno-implicit-fallthrough -Wno-array-bounds -Wno-stringop-overflow -Wno-stringop-overread -Wno-extra-semi  -O3 -DNDEBUG  -DNDEBUG -fPIE    -Wno-comma -std=c++11 -o CMakeFiles/cmTC_51d4e.dir/src.cxx.o -c /home/therapy/Astroscanner/workspace/opencv-4.10.0/release/CMakeFiles/CMakeTmp/src.cxx
/home/therapy/Astroscanner/workspace/opencv-4.10.0/release/CMakeFiles/CMakeTmp/src.cxx:1: warning: ignoring ‘#pragma  ’ [-Wunknown-pragmas]
    1 | #pragma
      | 
cc1plus: note: unrecognized command-line option ‘-Wno-comma’ may have been intended to silence earlier diagnostics
Linking CXX executable cmTC_51d4e
/usr/bin/cmake -E cmake_link_script CMakeFiles/cmTC_51d4e.dir/link.txt --verbose=1
/usr/bin/c++    -fsigned-char -W -Wall -Wreturn-type -Wnon-virtual-dtor -Waddress -Wsequence-point -Wformat -Wformat-security -Winit-self -Wpointer-arith -Wuninitialized -Wno-delete-non-virtual-dtor -Wno-comment -Wno-strict-overflow -fdiagnostics-show-option -pthread -fomit-frame-pointer -ffunction-sections -fdata-sections    -fvisibility=hidden -fvisibility-inlines-hidden -Wno-deprecated -Wno-missing-declarations -Wno-shadow -Wno-unused-parameter -Wno-unused-local-typedefs -Wno-sign-compare -Wno-sign-promo -Wno-undef -Wno-ignored-qualifiers -Wno-extra -Wno-unused-function -Wno-unused-const-variable -Wno-invalid-offsetof -Wno-suggest-override -Wno-implicit-fallthrough -Wno-array-bounds -Wno-stringop-overflow -Wno-stringop-overread -Wno-extra-semi  -O3 -DNDEBUG  -DNDEBUG   -Wl,--gc-sections -Wl,--as-needed -Wl,--no-undefined  CMakeFiles/cmTC_51d4e.dir/src.cxx.o -o cmTC_51d4e 
gmake[1]: Leaving directory '/home/therapy/Astroscanner/workspace/opencv-4.10.0/release/CMakeFiles/CMakeTmp'


===== END =====

Determining if the include file sys/videoio.h exists failed with the following output:
Change Dir: /home/therapy/Astroscanner/workspace/opencv-4.10.0/release/CMakeFiles/CMakeTmp

Run Build Command(s):/usr/bin/gmake -f Makefile cmTC_963a3/fast && /usr/bin/gmake  -f CMakeFiles/cmTC_963a3.dir/build.make CMakeFiles/cmTC_963a3.dir/build
gmake[1]: Entering directory '/home/therapy/Astroscanner/workspace/opencv-4.10.0/release/CMakeFiles/CMakeTmp'
Building C object CMakeFiles/cmTC_963a3.dir/CheckIncludeFile.c.o
/usr/bin/cc   -fsigned-char -W -Wall -Wreturn-type -Waddress -Wsequence-point -Wformat -Wformat-security -Wmissing-declarations -Wmissing-prototypes -Wstrict-prototypes -Wundef -Winit-self -Wpointer-arith -Wshadow -Wuninitialized -Wno-comment -Wimplicit-fallthrough=3 -Wno-strict-overflow -fdiagnostics-show-option -pthread -fomit-frame-pointer -ffunction-sections -fdata-sections    -fvisibility=hidden  -O3 -DNDEBUG  -DNDEBUG -fPIE -o CMakeFiles/cmTC_963a3.dir/CheckIncludeFile.c.o -c /home/therapy/Astroscanner/workspace/opencv-4.10.0/release/CMakeFiles/CMakeTmp/CheckIncludeFile.c
/home/therapy/Astroscanner/workspace/opencv-4.10.0/release/CMakeFiles/CMakeTmp/CheckIncludeFile.c:1:10: fatal error: sys/videoio.h: No such file or directory
    1 | #include <sys/videoio.h>
      |          ^~~~~~~~~~~~~~~
compilation terminated.
gmake[1]: *** [CMakeFiles/cmTC_963a3.dir/build.make:78: CMakeFiles/cmTC_963a3.dir/CheckIncludeFile.c.o] Error 1
gmake[1]: Leaving directory '/home/therapy/Astroscanner/workspace/opencv-4.10.0/release/CMakeFiles/CMakeTmp'
gmake: *** [Makefile:127: cmTC_963a3/fast] Error 2



Build output check failed:
    Regex: 'unrecognized .*option'
    Output line: 'cc1plus: note: unrecognized command-line option ‘-Wno-unused-private-field’ may have been intended to silence earlier diagnostics'
Compilation failed:
    source file: '/home/therapy/Astroscanner/workspace/opencv-4.10.0/release/CMakeFiles/CMakeTmp/src.cxx'
    check option: ' -Wno-unused-private-field'
===== BUILD LOG =====
Change Dir: /home/therapy/Astroscanner/workspace/opencv-4.10.0/release/CMakeFiles/CMakeTmp

Run Build Command(s):/usr/bin/gmake -f Makefile cmTC_a2cac/fast && /usr/bin/gmake  -f CMakeFiles/cmTC_a2cac.dir/build.make CMakeFiles/cmTC_a2cac.dir/build
gmake[1]: Entering directory '/home/therapy/Astroscanner/workspace/opencv-4.10.0/release/CMakeFiles/CMakeTmp'
Building CXX object CMakeFiles/cmTC_a2cac.dir/src.cxx.o
/usr/bin/c++   -fsigned-char -W -Wall -Wreturn-type -Wnon-virtual-dtor -Waddress -Wsequence-point -Wformat -Wformat-security -Wmissing-declarations -Wundef -Winit-self -Wpointer-arith -Wshadow -Wsign-promo -Wuninitialized -Wsuggest-override -Wno-delete-non-virtual-dtor -Wno-comment -Wimplicit-fallthrough=3 -Wno-strict-overflow -fdiagnostics-show-option -pthread -fomit-frame-pointer -ffunction-sections -fdata-sections    -fvisibility=hidden -fvisibility-inlines-hidden -Wno-unused-function -Wno-deprecated-declarations -Wno-overloaded-virtual  -O3 -DNDEBUG  -DNDEBUG -fPIE    -Wno-unused-private-field -std=c++11 -o CMakeFiles/cmTC_a2cac.dir/src.cxx.o -c /home/therapy/Astroscanner/workspace/opencv-4.10.0/release/CMakeFiles/CMakeTmp/src.cxx
/home/therapy/Astroscanner/workspace/opencv-4.10.0/release/CMakeFiles/CMakeTmp/src.cxx:1: warning: ignoring ‘#pragma  ’ [-Wunknown-pragmas]
    1 | #pragma
      | 
cc1plus: note: unrecognized command-line option ‘-Wno-unused-private-field’ may have been intended to silence earlier diagnostics
Linking CXX executable cmTC_a2cac
/usr/bin/cmake -E cmake_link_script CMakeFiles/cmTC_a2cac.dir/link.txt --verbose=1
/usr/bin/c++    -fsigned-char -W -Wall -Wreturn-type -Wnon-virtual-dtor -Waddress -Wsequence-point -Wformat -Wformat-security -Wmissing-declarations -Wundef -Winit-self -Wpointer-arith -Wshadow -Wsign-promo -Wuninitialized -Wsuggest-override -Wno-delete-non-virtual-dtor -Wno-comment -Wimplicit-fallthrough=3 -Wno-strict-overflow -fdiagnostics-show-option -pthread -fomit-frame-pointer -ffunction-sections -fdata-sections    -fvisibility=hidden -fvisibility-inlines-hidden -Wno-unused-function -Wno-deprecated-declarations -Wno-overloaded-virtual  -O3 -DNDEBUG  -DNDEBUG   -Wl,--gc-sections -Wl,--as-needed -Wl,--no-undefined  CMakeFiles/cmTC_a2cac.dir/src.cxx.o -o cmTC_a2cac 
gmake[1]: Leaving directory '/home/therapy/Astroscanner/workspace/opencv-4.10.0/release/CMakeFiles/CMakeTmp'


===== END =====

